<?xml version="1.0" encoding="utf-8"?><testsuites><testsuite name="pytest" errors="0" failures="0" skipped="0" tests="24" time="1.361" timestamp="2026-07-31T09:48:00.159397-04:00" hostname="HomePlay"><testcase classname="backend.tests.test_ingest_unit" name="test_persist_upload_captures_header_across_small_chunks" time="0.023" /><testcase classname="backend.tests.test_ingest_unit" name="test_persist_upload_accepts_exact_byte_limit" time="0.006" /><testcase classname="backend.tests.test_ingest_unit" name="test_persist_upload_rejects_limit_plus_one_and_removes_partial_file" time="0.006" /><testcase classname="backend.tests.test_ingest_unit" name="test_validate_signature_accepts_supported_header[.wav-RIFF0000WAVE]" time="0.001" /><testcase classname="backend.tests.test_ingest_unit" name="test_validate_signature_accepts_supported_header[.mp4-0000ftyp0000]" time="0.001" /><testcase classname="backend.tests.test_ingest_unit" name="test_validate_signature_accepts_supported_header[.m4a-0000ftyp0000]" time="0.001" /><testcase classname="backend.tests.test_ingest_unit" name="test_validate_signature_accepts_supported_header[.mp3-ID3000000000]" time="0.001" /><testcase classname="backend.tests.test_ingest_unit" name="test_validate_signature_accepts_supported_header[.flac-fLaC00000000]" time="0.001" /><testcase classname="backend.tests.test_ingest_unit" name="test_validate_signature_accepts_supported_header[.ogg-OggS00000000]" time="0.001" /><testcase classname="backend.tests.test_ingest_unit" name="test_validate_signature_accepts_supported_header[.aac-000000000000]" time="0.001" /><testcase classname="backend.tests.test_ingest_unit" name="test_validate_signature_accepts_supported_header[.wma-000000000000]" time="0.001" /><testcase classname="backend.tests.test_ingest_unit" name="test_validate_signature_rejects_invalid_header[.wav-NOPE0000WAVE]" time="0.001" /><testcase classname="backend.tests.test_ingest_unit" name="test_validate_signature_rejects_invalid_header[.mp4-0000nope0000]" time="0.002" /><testcase classname="backend.tests.test_ingest_unit" name="test_validate_signature_rejects_invalid_header[.mp3-NOPE00000000]" time="0.001" /><testcase classname="backend.tests.test_ingest_unit" name="test_validate_signature_rejects_invalid_header[.flac-NOPE00000000]" time="0.001" /><testcase classname="backend.tests.test_ingest_unit" name="test_validate_signature_rejects_invalid_header[.ogg-NOPE00000000]" time="0.001" /><testcase classname="backend.tests.test_ingest_unit" name="test_stream_cleanup_runs_after_last_line" time="0.002" /><testcase classname="backend.tests.test_ingest_unit" name="test_stream_cleanup_runs_when_iterator_raises" time="0.002" /><testcase classname="backend.tests.test_ingest_unit" name="test_stream_cleanup_runs_when_consumer_closes_early" time="0.001" /><testcase classname="backend.tests.test_transcribe_integration" name="test_transcribe_stream_keeps_workspace_alive_then_cleans_it" time="0.029" /><testcase classname="backend.tests.test_transcribe_integration" name="test_invalid_signature_never_calls_extraction" time="0.012" /><testcase classname="backend.tests.test_transcribe_integration" name="test_oversize_metadata_is_rejected_before_extraction" time="0.007" /><testcase classname="backend.tests.test_transcribe_integration" name="test_extraction_failure_removes_workspace" time="0.010" /><testcase classname="backend.tests.test_upload_memory_evaluation" name="test_32_mib_persistence_has_bounded_python_allocation" time="0.043" /></testsuite></testsuites>